=== SERPER COMBINED RESULTS ===
A Study of Method Development, Validation, and Forced ... - PMC -> https://pmc.ncbi.nlm.nih.gov/articles/PMC4237153/
Degradation of paracetamol and other constituents in Perfalgan -> https://www.tandfonline.com/doi/full/10.1080/22201181.2016.1191227
Validation of HPLC-DAD method for analysis of paracetamol and ... -> https://www.akjournals.com/view/journals/1326/37/1/article-p112.xml
(PDF) A Study of Method Development, Validation, and Forced ... -> https://www.researchgate.net/publication/274832482_A_Study_of_Method_Development_Validation_and_Forced_Degradation_for_Simultaneous_Quantification_of_Paracetamol_and_Ibuprofen_in_Pharmaceutical_Dosage_Form_by_RP-HPLC_Method
Forced Degradation Study of Paracetamol in Tablet Formulation ... -> https://www.academia.edu/69211417/Forced_Degradation_Study_of_Paracetamol_in_Tablet_Formulation_Using_RP_HPLC
[PDF] Degradation Study Of Paracetamol In Bulk And Tablet Using Uv ... -> https://ijprajournal.com/issue_dcp/Degradation%20Study%20Of%20Paracetamol%20In%20Bulk%20And%20Tablet%20Using%20Uv%20Spectroscopy.pdf
Forced Degradation Study Of Paracetamol Levels Using Uv-Vis ... -> https://www.semanticscholar.org/paper/Forced-Degradation-Study-Of-Paracetamol-Levels-Fernanda-Ningsih/3810cc14cf9a9453b8b7488319a395837310f653
Stability‐Indicating RP‐HPLC Method for Analysis of Paracetamol ... -> https://onlinelibrary.wiley.com/doi/pdf/10.1155/2012/732506
[PDF] 0970-2091 HPLC method validation and Forced degradation study ... -> https://www.biology-journal.org/fulltext/v39i2/ijapb39-2-43.pdf
a-study-of-method-development-validation-and-forced-degradation ... -> https://la-press.org/a-study-of-method-development-validation-and-forced-degradation-for-si-article-a4511/
RP-HPLC Method Development and Validation for Quality Control and Forced Degradation Analysis of Paracetamol–Ibuprofen Multi-Component Formulations -> https://www.researchgate.net/profile/Sangeetha-Jayaraman-6/publication/397834139_RP-HPLC_Method_Development_and_Validation_for_Quality_Control_and_Forced_Degradation_Analysis_of_Paracetamol-Ibuprofen_Multi-Component_Formulations/links/69203358f4878b75fc782fd8/RP-HPLC-Method-Development-and-Validation-for-Quality-Control-and-Forced-Degradation-Analysis-of-Paracetamol-Ibuprofen-Multi-Component-Formulations.pdf
Chemometrics approaches in forced degradation studies of pharmaceutical drugs -> https://www.mdpi.com/1420-3049/24/20/3804
Ecofriendly analytical quality by design-based HPLC method for a quintuple-drug combination: assay, forced degradation, dissolution profiling, and greenness … -> https://www.sciencedirect.com/science/article/pii/S0026265X25033648
Pishawikar., et al.“Hyphenated Techniques, an Important Tool for Force Degradation Study -> https://www.researchgate.net/profile/Sachin-Pishawikar-2/publication/344088218_Hyphenated_Techniques_an_Important_Tool_for_Force_Degradation_Study/links/60420d4692851c077f18bace/Hyphenated-Techniques-an-Important-Tool-for-Force-Degradation-Study.pdf
Development and validation of stability-indicating HPLC method for the simultaneous determination of paracetamol, tizanidine, and diclofenac in pharmaceuticals and … -> https://academic.oup.com/jaoac/article-abstract/94/1/150/5655508
Optimization and validation of RP-HPLC method for the estimation of Tramadol and Paracetamol with its genotoxic impurity (4-amino phenol) in bulk and … -> https://www.academia.edu/download/48558866/F-121.pdf
[PDF] A Study of Method Development, Validation, and Forced ... - SciSpace -> https://scispace.com/pdf/a-study-of-method-development-validation-and-forced-3dmlgarmhk.pdf
[PDF] FORCED DEGRADATION STUDY OF PARACETAMOL IN TABLET ... -> https://www.appconnect.in/wp-content/uploads/2012/06/ReprintBPR027.pdf
[PDF] a comprehensive review of forced degradation studies and stability ... -> https://www.ijprems.com/ijprems-paper/a-comprehensive-review-of-forced-degradation-studies-and-stability-indicating-methods-for-paracetamol-and-metronidazole
[PDF] Development of assay method and forced degradation study of ... -> https://www.scholarsresearchlibrary.com/articles/development-of-assay-method-and-forced-degradation-study-of-dexibuprofen-and-paracetamol-by-rphplc-in-tablet-formulation.pdf
[PDF] development of stability indicating hptlc method for -> https://jchps.com/issues/v0%203/i01/JCHPS20180%20301001.pdf
[PDF] analytical method development and validation of stability ... - IJRAR -> https://ijrar.com/upload_issue/ijrar_issue_20543819.pdf
[PDF] INTERNATIONAL JOURNAL OF PHARMACEUTICAL RESEARCH ... -> https://arastirmax.com/en/system/files/dergiler/57636/makaleler/2/5/arastirmax-ich-guidance-prescribed-stressed-degradation-study-paracetamol-and-development-validated-method-uv-spectrophotometry-bulk-and-pharmaceutical-dosage-form.pdf
Effect of Solution pH on the Adsorption of Paracetamol ... - PMC - NIH -> https://pmc.ncbi.nlm.nih.gov/articles/PMC6152014/
Paracetamol (Acetaminophen) - Pharmaceutical Drugs - NCBI - NIH -> https://www.ncbi.nlm.nih.gov/books/NBK526213/
Storage-stable formulation of paracetamol in aqueous solution -> https://patents.google.com/patent/US8404891B2/en
Paracetamol Stability | High Performance Liquid Chromatography -> https://www.scribd.com/document/124471112/Paracetamol-Stability
The pH dissolution profile for paracetamol tablets formulations F2 ... -> https://www.researchgate.net/figure/The-pH-dissolution-profile-for-paracetamol-tablets-formulations-F2-and-F4-compressed-at_fig3_272945754
Kinetic Analysis of pH Effect on the Paracetamol Degradation by an ... -> https://www.mdpi.com/2073-4441/17/9/1364
[PDF] In-Use Stability Study of Paracetamol Original Brand of Oral ... -> https://biomedgrid.com/pdf/AJBSR.MS.ID.002324.pdf
Factors Affecting the Stability of Paracetamol in Packaged Tablet ... -> https://www.bionova.co.in/Articles/stability-of-paracetamol/
Pharmaceutical Stability of Brands of Paracetamol Tablets under ... -> https://www.academia.edu/45414992/Pharmaceutical_Stability_of_Brands_of_Paracetamol_Tablets_under_Different_Environmental_Conditions
Comparative In-Vitro Evaluation of Marketed Paracetamol Tablets -> https://www.rjpdft.com/HTML_Papers/Research%20Journal%20of%20Pharmaceutical%20Dosage%20Forms%20and%20Technology__PID__2009-1-2-8.html
[PDF] A Study of Method Development, Validation, and Forced ... -> https://www.semanticscholar.org/paper/A-Study-of-Method-Development%2C-Validation%2C-and-for-Jahan-Islam/16d91a08940c4066ff5d515423d73532975af108
